<?xml version="1.0" encoding="UTF-8"?>
<testsuite xmlns:xsi="http://www.w3.org/2001/XMLSchema-instance" xsi:noNamespaceSchemaLocation="https://maven.apache.org/surefire/maven-surefire-plugin/xsd/surefire-test-report-3.0.xsd" version="3.0" name="ca.jrvs.apps.stockquote.dao.PositionService_UnitTest" time="0.024" tests="3" errors="0" skipped="0" failures="0">
  <properties>
[...]
</properties>
  <testcase name="testBuyMoreThanVolume" classname="ca.jrvs.apps.stockquote.dao.PositionService_UnitTest" time="0.021"/>
  <testcase name="testBuy" classname="ca.jrvs.apps.stockquote.dao.PositionService_UnitTest" time="0.002"/>
  <testcase name="testSell" classname="ca.jrvs.apps.stockquote.dao.PositionService_UnitTest" time="0.0"/>
</testsuite>